
/home/ubuntu/workspace/wxms/bin/www:84
        throw error;
              ^
Error: bind EADDRINUSE
    at errnoException (net.js:905:11)
    at net.js:1085:30
    at Object.2:1 (cluster.js:594:5)
    at handleResponse (cluster.js:171:41)
    at respond (cluster.js:192:5)
    at handleMessage (cluster.js:202:5)
    at process.emit (events.js:117:20)
    at handleMessage (child_process.js:322:10)
    at child_process.js:396:7
    at process.handleConversion.net.Native.got (child_process.js:91:7)
    at process.<anonymous> (child_process.js:395:13)
    at process.emit (events.js:117:20)
    at handleMessage (child_process.js:322:10)
    at Pipe.channel.onread (child_process.js:347:11)

/home/ubuntu/workspace/wxms/bin/www:84
        throw error;
              ^
Error: bind EADDRINUSE
    at errnoException (net.js:905:11)
    at net.js:1085:30
    at Object.3:1 (cluster.js:594:5)
    at handleResponse (cluster.js:171:41)
    at respond (cluster.js:192:5)
    at handleMessage (cluster.js:202:5)
    at process.emit (events.js:117:20)
    at handleMessage (child_process.js:322:10)
    at child_process.js:396:7
    at process.handleConversion.net.Native.got (child_process.js:91:7)
    at process.<anonymous> (child_process.js:395:13)
    at process.emit (events.js:117:20)
    at handleMessage (child_process.js:322:10)
    at Pipe.channel.onread (child_process.js:347:11)

/home/ubuntu/workspace/wxms/bin/www:84
        throw error;
              ^
Error: bind EADDRINUSE
    at errnoException (net.js:905:11)
    at net.js:1085:30
    at Object.1:1 (cluster.js:594:5)
    at handleResponse (cluster.js:171:41)
    at respond (cluster.js:192:5)
    at handleMessage (cluster.js:202:5)
    at process.emit (events.js:117:20)
    at handleMessage (child_process.js:322:10)
    at child_process.js:396:7
    at process.handleConversion.net.Native.got (child_process.js:91:7)
    at process.<anonymous> (child_process.js:395:13)
    at process.emit (events.js:117:20)
    at handleMessage (child_process.js:322:10)
    at Pipe.channel.onread (child_process.js:347:11)

/home/ubuntu/workspace/wxms/bin/www:84
        throw error;
              ^
Error: bind EADDRINUSE
    at errnoException (net.js:905:11)
    at net.js:1085:30
    at Object.4:1 (cluster.js:594:5)
    at handleResponse (cluster.js:171:41)
    at respond (cluster.js:192:5)
    at handleMessage (cluster.js:202:5)
    at process.emit (events.js:117:20)
    at handleMessage (child_process.js:322:10)
    at child_process.js:396:7
    at process.handleConversion.net.Native.got (child_process.js:91:7)
    at process.<anonymous> (child_process.js:395:13)
    at process.emit (events.js:117:20)
    at handleMessage (child_process.js:322:10)
    at Pipe.channel.onread (child_process.js:347:11)
